<?xml version="1.0" encoding="UTF-8"?>
<!-- Generated by org.testng.reporters.JUnitReportReporter -->
<testsuite skipped="0" hostname="DESKTOP-EM8SP10" name="com.actitime.test.CustomerModule" tests="1" failures="0" timestamp="31 Oct 2020 03:51:45 GMT" time="0.023" errors="0">
  <testcase name="testCreateCustomer" time="0.023" classname="com.actitime.test.CustomerModule"/>
</testsuite> <!-- com.actitime.test.CustomerModule -->
